  [1m[36m (61.2ms)[0m  [1mCREATE TABLE "schema_migrations" ("version" character varying NOT NULL) [0m
  [1m[35m (1.5ms)[0m  CREATE UNIQUE INDEX  "unique_schema_migrations" ON "schema_migrations"  ("version")
  [1m[36mActiveRecord::SchemaMigration Load (0.4ms)[0m  [1mSELECT "schema_migrations".* FROM "schema_migrations"[0m


Started GET "/index" for ::1 at 2015-06-17 18:56:51 +0100

ActionController::RoutingError (No route matches [GET] "/index"):
  actionpack (4.2.1) lib/action_dispatch/middleware/debug_exceptions.rb:21:in `call'
  web-console (2.1.3) lib/web_console/middleware.rb:37:in `call'
  actionpack (4.2.1) lib/action_dispatch/middleware/show_exceptions.rb:30:in `call'
  railties (4.2.1) lib/rails/rack/logger.rb:38:in `call_app'
  railties (4.2.1) lib/rails/rack/logger.rb:20:in `block in call'
  activesupport (4.2.1) lib/active_support/tagged_logging.rb:68:in `block in tagged'
  activesupport (4.2.1) lib/active_support/tagged_logging.rb:26:in `tagged'
  activesupport (4.2.1) lib/active_support/tagged_logging.rb:68:in `tagged'
  railties (4.2.1) lib/rails/rack/logger.rb:20:in `call'
  actionpack (4.2.1) lib/action_dispatch/middleware/request_id.rb:21:in `call'
  rack (1.6.2) lib/rack/methodoverride.rb:22:in `call'
  rack (1.6.2) lib/rack/runtime.rb:18:in `call'
  activesupport (4.2.1) lib/active_support/cache/strategy/local_cache_middleware.rb:28:in `call'
  rack (1.6.2) lib/rack/lock.rb:17:in `call'
  actionpack (4.2.1) lib/action_dispatch/middleware/static.rb:113:in `call'
  rack (1.6.2) lib/rack/sendfile.rb:113:in `call'
  railties (4.2.1) lib/rails/engine.rb:518:in `call'
  railties (4.2.1) lib/rails/application.rb:164:in `call'
  rack (1.6.2) lib/rack/lock.rb:17:in `call'
  rack (1.6.2) lib/rack/content_length.rb:15:in `call'
  rack (1.6.2) lib/rack/handler/webrick.rb:88:in `service'
  /Users/michaelstokes/.rbenv/versions/2.1.2/lib/ruby/2.1.0/webrick/httpserver.rb:138:in `service'
  /Users/michaelstokes/.rbenv/versions/2.1.2/lib/ruby/2.1.0/webrick/httpserver.rb:94:in `run'
  /Users/michaelstokes/.rbenv/versions/2.1.2/lib/ruby/2.1.0/webrick/server.rb:295:in `block in start_thread'


  Rendered /Users/michaelstokes/.rvm/gems/ruby-2.1.3/gems/actionpack-4.2.1/lib/action_dispatch/middleware/templates/rescues/_trace.html.erb (1.4ms)
  Rendered /Users/michaelstokes/.rvm/gems/ruby-2.1.3/gems/actionpack-4.2.1/lib/action_dispatch/middleware/templates/routes/_table.html.erb (7.6ms)
  Rendered /Users/michaelstokes/.rvm/gems/ruby-2.1.3/gems/actionpack-4.2.1/lib/action_dispatch/middleware/templates/rescues/_request_and_response.html.erb (8.1ms)
  Rendered /Users/michaelstokes/.rvm/gems/ruby-2.1.3/gems/actionpack-4.2.1/lib/action_dispatch/middleware/templates/rescues/routing_error.html.erb within rescues/layout (37.5ms)
  Rendered /Users/michaelstokes/.rvm/gems/ruby-2.1.3/gems/web-console-2.1.3/lib/web_console/templates/_markup.html.erb (0.3ms)
  Rendered /Users/michaelstokes/.rvm/gems/ruby-2.1.3/gems/web-console-2.1.3/lib/web_console/templates/style.css.erb within layouts/inlined_string (0.3ms)
  Rendered /Users/michaelstokes/.rvm/gems/ruby-2.1.3/gems/web-console-2.1.3/lib/web_console/templates/_inner_console_markup.html.erb within layouts/inlined_string (0.3ms)
  Rendered /Users/michaelstokes/.rvm/gems/ruby-2.1.3/gems/web-console-2.1.3/lib/web_console/templates/_prompt_box_markup.html.erb within layouts/inlined_string (0.2ms)
  Rendered /Users/michaelstokes/.rvm/gems/ruby-2.1.3/gems/web-console-2.1.3/lib/web_console/templates/console.js.erb within layouts/javascript (18.0ms)
  Rendered /Users/michaelstokes/.rvm/gems/ruby-2.1.3/gems/web-console-2.1.3/lib/web_console/templates/main.js.erb within layouts/javascript (0.2ms)
  Rendered /Users/michaelstokes/.rvm/gems/ruby-2.1.3/gems/web-console-2.1.3/lib/web_console/templates/error_page.js.erb within layouts/javascript (0.3ms)
  Rendered /Users/michaelstokes/.rvm/gems/ruby-2.1.3/gems/web-console-2.1.3/lib/web_console/templates/index.html.erb (38.4ms)


Started GET "/index" for ::1 at 2015-06-17 18:56:52 +0100

ActionController::RoutingError (No route matches [GET] "/index"):
  actionpack (4.2.1) lib/action_dispatch/middleware/debug_exceptions.rb:21:in `call'
  web-console (2.1.3) lib/web_console/middleware.rb:37:in `call'
  actionpack (4.2.1) lib/action_dispatch/middleware/show_exceptions.rb:30:in `call'
  railties (4.2.1) lib/rails/rack/logger.rb:38:in `call_app'
  railties (4.2.1) lib/rails/rack/logger.rb:20:in `block in call'
  activesupport (4.2.1) lib/active_support/tagged_logging.rb:68:in `block in tagged'
  activesupport (4.2.1) lib/active_support/tagged_logging.rb:26:in `tagged'
  activesupport (4.2.1) lib/active_support/tagged_logging.rb:68:in `tagged'
  railties (4.2.1) lib/rails/rack/logger.rb:20:in `call'
  actionpack (4.2.1) lib/action_dispatch/middleware/request_id.rb:21:in `call'
  rack (1.6.2) lib/rack/methodoverride.rb:22:in `call'
  rack (1.6.2) lib/rack/runtime.rb:18:in `call'
  activesupport (4.2.1) lib/active_support/cache/strategy/local_cache_middleware.rb:28:in `call'
  rack (1.6.2) lib/rack/lock.rb:17:in `call'
  actionpack (4.2.1) lib/action_dispatch/middleware/static.rb:113:in `call'
  rack (1.6.2) lib/rack/sendfile.rb:113:in `call'
  railties (4.2.1) lib/rails/engine.rb:518:in `call'
  railties (4.2.1) lib/rails/application.rb:164:in `call'
  rack (1.6.2) lib/rack/lock.rb:17:in `call'
  rack (1.6.2) lib/rack/content_length.rb:15:in `call'
  rack (1.6.2) lib/rack/handler/webrick.rb:88:in `service'
  /Users/michaelstokes/.rbenv/versions/2.1.2/lib/ruby/2.1.0/webrick/httpserver.rb:138:in `service'
  /Users/michaelstokes/.rbenv/versions/2.1.2/lib/ruby/2.1.0/webrick/httpserver.rb:94:in `run'
  /Users/michaelstokes/.rbenv/versions/2.1.2/lib/ruby/2.1.0/webrick/server.rb:295:in `block in start_thread'


  Rendered /Users/michaelstokes/.rvm/gems/ruby-2.1.3/gems/actionpack-4.2.1/lib/action_dispatch/middleware/templates/rescues/_trace.html.erb (1.0ms)
  Rendered /Users/michaelstokes/.rvm/gems/ruby-2.1.3/gems/actionpack-4.2.1/lib/action_dispatch/middleware/templates/routes/_table.html.erb (0.9ms)
  Rendered /Users/michaelstokes/.rvm/gems/ruby-2.1.3/gems/actionpack-4.2.1/lib/action_dispatch/middleware/templates/rescues/_request_and_response.html.erb (0.8ms)
  Rendered /Users/michaelstokes/.rvm/gems/ruby-2.1.3/gems/actionpack-4.2.1/lib/action_dispatch/middleware/templates/rescues/routing_error.html.erb within rescues/layout (11.7ms)
  Rendered /Users/michaelstokes/.rvm/gems/ruby-2.1.3/gems/web-console-2.1.3/lib/web_console/templates/_markup.html.erb (0.3ms)
  Rendered /Users/michaelstokes/.rvm/gems/ruby-2.1.3/gems/web-console-2.1.3/lib/web_console/templates/style.css.erb within layouts/inlined_string (0.3ms)
  Rendered /Users/michaelstokes/.rvm/gems/ruby-2.1.3/gems/web-console-2.1.3/lib/web_console/templates/_inner_console_markup.html.erb within layouts/inlined_string (0.2ms)
  Rendered /Users/michaelstokes/.rvm/gems/ruby-2.1.3/gems/web-console-2.1.3/lib/web_console/templates/_prompt_box_markup.html.erb within layouts/inlined_string (0.2ms)
  Rendered /Users/michaelstokes/.rvm/gems/ruby-2.1.3/gems/web-console-2.1.3/lib/web_console/templates/console.js.erb within layouts/javascript (10.7ms)
  Rendered /Users/michaelstokes/.rvm/gems/ruby-2.1.3/gems/web-console-2.1.3/lib/web_console/templates/main.js.erb within layouts/javascript (0.2ms)
  Rendered /Users/michaelstokes/.rvm/gems/ruby-2.1.3/gems/web-console-2.1.3/lib/web_console/templates/error_page.js.erb within layouts/javascript (0.3ms)
  Rendered /Users/michaelstokes/.rvm/gems/ruby-2.1.3/gems/web-console-2.1.3/lib/web_console/templates/index.html.erb (22.6ms)


Started GET "/" for ::1 at 2015-06-17 18:56:55 +0100
Processing by Rails::WelcomeController#index as HTML
  Rendered /Users/michaelstokes/.rvm/gems/ruby-2.1.3/gems/railties-4.2.1/lib/rails/templates/rails/welcome/index.html.erb (0.6ms)
Completed 200 OK in 2ms (Views: 2.1ms | ActiveRecord: 0.0ms)


Started GET "/" for ::1 at 2015-06-17 18:56:56 +0100
Processing by Rails::WelcomeController#index as HTML
  Rendered /Users/michaelstokes/.rvm/gems/ruby-2.1.3/gems/railties-4.2.1/lib/rails/templates/rails/welcome/index.html.erb (0.0ms)
Completed 200 OK in 1ms (Views: 0.8ms | ActiveRecord: 0.0ms)


Started GET "/" for ::1 at 2015-06-17 18:56:57 +0100
Processing by Rails::WelcomeController#index as HTML
  Rendered /Users/michaelstokes/.rvm/gems/ruby-2.1.3/gems/railties-4.2.1/lib/rails/templates/rails/welcome/index.html.erb (0.0ms)
Completed 200 OK in 1ms (Views: 0.7ms | ActiveRecord: 0.0ms)


Started GET "/rails/info/properties" for ::1 at 2015-06-17 18:56:58 +0100
Processing by Rails::InfoController#properties as */*
  [1m[36mActiveRecord::SchemaMigration Load (0.9ms)[0m  [1mSELECT "schema_migrations".* FROM "schema_migrations"[0m
  Rendered /Users/michaelstokes/.rvm/gems/ruby-2.1.3/gems/railties-4.2.1/lib/rails/templates/rails/info/properties.html.erb (0.4ms)
Completed 200 OK in 80ms (Views: 9.1ms | ActiveRecord: 13.0ms)


Started GET "/" for ::1 at 2015-06-17 23:10:54 +0100
Processing by Rails::WelcomeController#index as HTML
  Rendered /Users/michaelstokes/.rvm/gems/ruby-2.1.3/gems/railties-4.2.1/lib/rails/templates/rails/welcome/index.html.erb (0.1ms)
Completed 200 OK in 3ms (Views: 2.9ms | ActiveRecord: 0.0ms)


Started GET "/admin/quotes" for ::1 at 2015-06-18 11:26:44 +0100

ActionController::RoutingError (No route matches [GET] "/admin/quotes"):
  actionpack (4.2.1) lib/action_dispatch/middleware/debug_exceptions.rb:21:in `call'
  web-console (2.1.3) lib/web_console/middleware.rb:37:in `call'
  actionpack (4.2.1) lib/action_dispatch/middleware/show_exceptions.rb:30:in `call'
  railties (4.2.1) lib/rails/rack/logger.rb:38:in `call_app'
  railties (4.2.1) lib/rails/rack/logger.rb:20:in `block in call'
  activesupport (4.2.1) lib/active_support/tagged_logging.rb:68:in `block in tagged'
  activesupport (4.2.1) lib/active_support/tagged_logging.rb:26:in `tagged'
  activesupport (4.2.1) lib/active_support/tagged_logging.rb:68:in `tagged'
  railties (4.2.1) lib/rails/rack/logger.rb:20:in `call'
  actionpack (4.2.1) lib/action_dispatch/middleware/request_id.rb:21:in `call'
  rack (1.6.2) lib/rack/methodoverride.rb:22:in `call'
  rack (1.6.2) lib/rack/runtime.rb:18:in `call'
  activesupport (4.2.1) lib/active_support/cache/strategy/local_cache_middleware.rb:28:in `call'
  rack (1.6.2) lib/rack/lock.rb:17:in `call'
  actionpack (4.2.1) lib/action_dispatch/middleware/static.rb:113:in `call'
  rack (1.6.2) lib/rack/sendfile.rb:113:in `call'
  railties (4.2.1) lib/rails/engine.rb:518:in `call'
  railties (4.2.1) lib/rails/application.rb:164:in `call'
  rack (1.6.2) lib/rack/lock.rb:17:in `call'
  rack (1.6.2) lib/rack/content_length.rb:15:in `call'
  rack (1.6.2) lib/rack/handler/webrick.rb:88:in `service'
  /Users/michaelstokes/.rbenv/versions/2.1.2/lib/ruby/2.1.0/webrick/httpserver.rb:138:in `service'
  /Users/michaelstokes/.rbenv/versions/2.1.2/lib/ruby/2.1.0/webrick/httpserver.rb:94:in `run'
  /Users/michaelstokes/.rbenv/versions/2.1.2/lib/ruby/2.1.0/webrick/server.rb:295:in `block in start_thread'


  Rendered /Users/michaelstokes/.rvm/gems/ruby-2.1.3/gems/actionpack-4.2.1/lib/action_dispatch/middleware/templates/rescues/_trace.html.erb (1.0ms)
  Rendered /Users/michaelstokes/.rvm/gems/ruby-2.1.3/gems/actionpack-4.2.1/lib/action_dispatch/middleware/templates/routes/_table.html.erb (1.4ms)
  Rendered /Users/michaelstokes/.rvm/gems/ruby-2.1.3/gems/actionpack-4.2.1/lib/action_dispatch/middleware/templates/rescues/_request_and_response.html.erb (1.1ms)
  Rendered /Users/michaelstokes/.rvm/gems/ruby-2.1.3/gems/actionpack-4.2.1/lib/action_dispatch/middleware/templates/rescues/routing_error.html.erb within rescues/layout (16.2ms)
  Rendered /Users/michaelstokes/.rvm/gems/ruby-2.1.3/gems/web-console-2.1.3/lib/web_console/templates/_markup.html.erb (0.2ms)
  Rendered /Users/michaelstokes/.rvm/gems/ruby-2.1.3/gems/web-console-2.1.3/lib/web_console/templates/style.css.erb within layouts/inlined_string (0.3ms)
  Rendered /Users/michaelstokes/.rvm/gems/ruby-2.1.3/gems/web-console-2.1.3/lib/web_console/templates/_inner_console_markup.html.erb within layouts/inlined_string (0.3ms)
  Rendered /Users/michaelstokes/.rvm/gems/ruby-2.1.3/gems/web-console-2.1.3/lib/web_console/templates/_prompt_box_markup.html.erb within layouts/inlined_string (0.3ms)
  Rendered /Users/michaelstokes/.rvm/gems/ruby-2.1.3/gems/web-console-2.1.3/lib/web_console/templates/console.js.erb within layouts/javascript (14.1ms)
  Rendered /Users/michaelstokes/.rvm/gems/ruby-2.1.3/gems/web-console-2.1.3/lib/web_console/templates/main.js.erb within layouts/javascript (0.3ms)
  Rendered /Users/michaelstokes/.rvm/gems/ruby-2.1.3/gems/web-console-2.1.3/lib/web_console/templates/error_page.js.erb within layouts/javascript (0.7ms)
  Rendered /Users/michaelstokes/.rvm/gems/ruby-2.1.3/gems/web-console-2.1.3/lib/web_console/templates/index.html.erb (30.1ms)


Started GET "/" for ::1 at 2015-06-18 18:57:36 +0100
Processing by HomeController#index as HTML
  Rendered home/index.html.erb within layouts/application (1.4ms)
Completed 500 Internal Server Error in 805ms (ActiveRecord: 0.0ms)

ActionView::Template::Error (Asset filtered out and will not be served: add `Rails.application.config.assets.precompile += %w( bootstrap-sass-official/assets/fonts/bootstrap/glyphicons-halflings-regular.woff2 )` to `config/initializers/assets.rb` and restart your server):
    2: <html>
    3: <head>
    4:   <title>Receta</title>
    5:   <%= stylesheet_link_tag    'application', media: 'all', 'data-turbolinks-track' => true %>
    6:   <%= javascript_include_tag 'application', 'data-turbolinks-track' => true %>
    7:   <%= csrf_meta_tags %>
    8: </head>
  app/views/layouts/application.html.erb:5:in `_app_views_layouts_application_html_erb__786689701853551566_70333169320900'


  Rendered /Users/michaelstokes/.rvm/gems/ruby-2.1.3/gems/actionpack-4.2.1/lib/action_dispatch/middleware/templates/rescues/_source.erb (14.7ms)
  Rendered /Users/michaelstokes/.rvm/gems/ruby-2.1.3/gems/actionpack-4.2.1/lib/action_dispatch/middleware/templates/rescues/_trace.html.erb (6.0ms)
  Rendered /Users/michaelstokes/.rvm/gems/ruby-2.1.3/gems/actionpack-4.2.1/lib/action_dispatch/middleware/templates/rescues/_request_and_response.html.erb (8.7ms)
  Rendered /Users/michaelstokes/.rvm/gems/ruby-2.1.3/gems/actionpack-4.2.1/lib/action_dispatch/middleware/templates/rescues/template_error.html.erb within rescues/layout (45.9ms)
  Rendered /Users/michaelstokes/.rvm/gems/ruby-2.1.3/gems/web-console-2.1.3/lib/web_console/templates/_markup.html.erb (0.6ms)
  Rendered /Users/michaelstokes/.rvm/gems/ruby-2.1.3/gems/web-console-2.1.3/lib/web_console/templates/style.css.erb within layouts/inlined_string (0.2ms)
  Rendered /Users/michaelstokes/.rvm/gems/ruby-2.1.3/gems/web-console-2.1.3/lib/web_console/templates/_inner_console_markup.html.erb within layouts/inlined_string (0.2ms)
  Rendered /Users/michaelstokes/.rvm/gems/ruby-2.1.3/gems/web-console-2.1.3/lib/web_console/templates/_prompt_box_markup.html.erb within layouts/inlined_string (0.2ms)
  Rendered /Users/michaelstokes/.rvm/gems/ruby-2.1.3/gems/web-console-2.1.3/lib/web_console/templates/console.js.erb within layouts/javascript (14.5ms)
  Rendered /Users/michaelstokes/.rvm/gems/ruby-2.1.3/gems/web-console-2.1.3/lib/web_console/templates/main.js.erb within layouts/javascript (0.4ms)
  Rendered /Users/michaelstokes/.rvm/gems/ruby-2.1.3/gems/web-console-2.1.3/lib/web_console/templates/error_page.js.erb within layouts/javascript (0.4ms)
  Rendered /Users/michaelstokes/.rvm/gems/ruby-2.1.3/gems/web-console-2.1.3/lib/web_console/templates/index.html.erb (40.4ms)


Started GET "/" for ::1 at 2015-06-18 18:58:47 +0100
Processing by HomeController#index as HTML
  Rendered home/index.html.erb within layouts/application (0.4ms)
Completed 500 Internal Server Error in 145ms (ActiveRecord: 0.0ms)

ActionView::Template::Error (Asset filtered out and will not be served: add `Rails.application.config.assets.precompile += %w( bootstrap-sass-official/assets/fonts/bootstrap/glyphicons-halflings-regular.woff2 )` to `config/initializers/assets.rb` and restart your server):
    2: <html>
    3: <head>
    4:   <title>Receta</title>
    5:   <%= stylesheet_link_tag    'application', media: 'all', 'data-turbolinks-track' => true %>
    6:   <%= javascript_include_tag 'application', 'data-turbolinks-track' => true %>
    7:   <%= csrf_meta_tags %>
    8: </head>
  app/views/layouts/application.html.erb:5:in `_app_views_layouts_application_html_erb__786689701853551566_70333169320900'


  Rendered /Users/michaelstokes/.rvm/gems/ruby-2.1.3/gems/actionpack-4.2.1/lib/action_dispatch/middleware/templates/rescues/_source.erb (11.8ms)
  Rendered /Users/michaelstokes/.rvm/gems/ruby-2.1.3/gems/actionpack-4.2.1/lib/action_dispatch/middleware/templates/rescues/_trace.html.erb (5.8ms)
  Rendered /Users/michaelstokes/.rvm/gems/ruby-2.1.3/gems/actionpack-4.2.1/lib/action_dispatch/middleware/templates/rescues/_request_and_response.html.erb (1.0ms)
  Rendered /Users/michaelstokes/.rvm/gems/ruby-2.1.3/gems/actionpack-4.2.1/lib/action_dispatch/middleware/templates/rescues/template_error.html.erb within rescues/layout (28.8ms)
  Rendered /Users/michaelstokes/.rvm/gems/ruby-2.1.3/gems/web-console-2.1.3/lib/web_console/templates/_markup.html.erb (0.2ms)
  Rendered /Users/michaelstokes/.rvm/gems/ruby-2.1.3/gems/web-console-2.1.3/lib/web_console/templates/style.css.erb within layouts/inlined_string (0.3ms)
  Rendered /Users/michaelstokes/.rvm/gems/ruby-2.1.3/gems/web-console-2.1.3/lib/web_console/templates/_inner_console_markup.html.erb within layouts/inlined_string (0.2ms)
  Rendered /Users/michaelstokes/.rvm/gems/ruby-2.1.3/gems/web-console-2.1.3/lib/web_console/templates/_prompt_box_markup.html.erb within layouts/inlined_string (0.7ms)
  Rendered /Users/michaelstokes/.rvm/gems/ruby-2.1.3/gems/web-console-2.1.3/lib/web_console/templates/console.js.erb within layouts/javascript (12.5ms)
  Rendered /Users/michaelstokes/.rvm/gems/ruby-2.1.3/gems/web-console-2.1.3/lib/web_console/templates/main.js.erb within layouts/javascript (0.3ms)
  Rendered /Users/michaelstokes/.rvm/gems/ruby-2.1.3/gems/web-console-2.1.3/lib/web_console/templates/error_page.js.erb within layouts/javascript (0.3ms)
  Rendered /Users/michaelstokes/.rvm/gems/ruby-2.1.3/gems/web-console-2.1.3/lib/web_console/templates/index.html.erb (29.1ms)


Started GET "/" for ::1 at 2015-06-18 18:58:56 +0100
Processing by HomeController#index as HTML
  Rendered home/index.html.erb within layouts/application (0.8ms)
Completed 500 Internal Server Error in 240ms (ActiveRecord: 0.0ms)

ActionView::Template::Error (Asset filtered out and will not be served: add `Rails.application.config.assets.precompile += %w( bootstrap-sass-official/assets/fonts/bootstrap/glyphicons-halflings-regular.woff2 )` to `config/initializers/assets.rb` and restart your server):
    2: <html>
    3: <head>
    4:   <title>Receta</title>
    5:   <%= stylesheet_link_tag    'application', media: 'all', 'data-turbolinks-track' => true %>
    6:   <%= javascript_include_tag 'application', 'data-turbolinks-track' => true %>
    7:   <%= csrf_meta_tags %>
    8: </head>
  app/views/layouts/application.html.erb:5:in `_app_views_layouts_application_html_erb__4001779934982437663_70177515369060'


  Rendered /Users/michaelstokes/.rvm/gems/ruby-2.1.3/gems/actionpack-4.2.1/lib/action_dispatch/middleware/templates/rescues/_source.erb (9.7ms)
  Rendered /Users/michaelstokes/.rvm/gems/ruby-2.1.3/gems/actionpack-4.2.1/lib/action_dispatch/middleware/templates/rescues/_trace.html.erb (3.6ms)
  Rendered /Users/michaelstokes/.rvm/gems/ruby-2.1.3/gems/actionpack-4.2.1/lib/action_dispatch/middleware/templates/rescues/_request_and_response.html.erb (7.2ms)
  Rendered /Users/michaelstokes/.rvm/gems/ruby-2.1.3/gems/actionpack-4.2.1/lib/action_dispatch/middleware/templates/rescues/template_error.html.erb within rescues/layout (29.0ms)
  Rendered /Users/michaelstokes/.rvm/gems/ruby-2.1.3/gems/web-console-2.1.3/lib/web_console/templates/_markup.html.erb (0.3ms)
  Rendered /Users/michaelstokes/.rvm/gems/ruby-2.1.3/gems/web-console-2.1.3/lib/web_console/templates/style.css.erb within layouts/inlined_string (0.2ms)
  Rendered /Users/michaelstokes/.rvm/gems/ruby-2.1.3/gems/web-console-2.1.3/lib/web_console/templates/_inner_console_markup.html.erb within layouts/inlined_string (0.2ms)
  Rendered /Users/michaelstokes/.rvm/gems/ruby-2.1.3/gems/web-console-2.1.3/lib/web_console/templates/_prompt_box_markup.html.erb within layouts/inlined_string (0.3ms)
  Rendered /Users/michaelstokes/.rvm/gems/ruby-2.1.3/gems/web-console-2.1.3/lib/web_console/templates/console.js.erb within layouts/javascript (11.0ms)
  Rendered /Users/michaelstokes/.rvm/gems/ruby-2.1.3/gems/web-console-2.1.3/lib/web_console/templates/main.js.erb within layouts/javascript (0.2ms)
  Rendered /Users/michaelstokes/.rvm/gems/ruby-2.1.3/gems/web-console-2.1.3/lib/web_console/templates/error_page.js.erb within layouts/javascript (0.3ms)
  Rendered /Users/michaelstokes/.rvm/gems/ruby-2.1.3/gems/web-console-2.1.3/lib/web_console/templates/index.html.erb (24.9ms)


Started GET "/" for ::1 at 2015-06-18 18:58:57 +0100
Processing by HomeController#index as HTML
  Rendered home/index.html.erb within layouts/application (0.0ms)
Completed 500 Internal Server Error in 126ms (ActiveRecord: 0.0ms)

ActionView::Template::Error (Asset filtered out and will not be served: add `Rails.application.config.assets.precompile += %w( bootstrap-sass-official/assets/fonts/bootstrap/glyphicons-halflings-regular.woff2 )` to `config/initializers/assets.rb` and restart your server):
    2: <html>
    3: <head>
    4:   <title>Receta</title>
    5:   <%= stylesheet_link_tag    'application', media: 'all', 'data-turbolinks-track' => true %>
    6:   <%= javascript_include_tag 'application', 'data-turbolinks-track' => true %>
    7:   <%= csrf_meta_tags %>
    8: </head>
  app/views/layouts/application.html.erb:5:in `_app_views_layouts_application_html_erb__4001779934982437663_70177515369060'


  Rendered /Users/michaelstokes/.rvm/gems/ruby-2.1.3/gems/actionpack-4.2.1/lib/action_dispatch/middleware/templates/rescues/_source.erb (14.6ms)
  Rendered /Users/michaelstokes/.rvm/gems/ruby-2.1.3/gems/actionpack-4.2.1/lib/action_dispatch/middleware/templates/rescues/_trace.html.erb (3.9ms)
  Rendered /Users/michaelstokes/.rvm/gems/ruby-2.1.3/gems/actionpack-4.2.1/lib/action_dispatch/middleware/templates/rescues/_request_and_response.html.erb (0.8ms)
  Rendered /Users/michaelstokes/.rvm/gems/ruby-2.1.3/gems/actionpack-4.2.1/lib/action_dispatch/middleware/templates/rescues/template_error.html.erb within rescues/layout (29.7ms)
  Rendered /Users/michaelstokes/.rvm/gems/ruby-2.1.3/gems/web-console-2.1.3/lib/web_console/templates/_markup.html.erb (0.3ms)
  Rendered /Users/michaelstokes/.rvm/gems/ruby-2.1.3/gems/web-console-2.1.3/lib/web_console/templates/style.css.erb within layouts/inlined_string (0.2ms)
  Rendered /Users/michaelstokes/.rvm/gems/ruby-2.1.3/gems/web-console-2.1.3/lib/web_console/templates/_inner_console_markup.html.erb within layouts/inlined_string (0.2ms)
  Rendered /Users/michaelstokes/.rvm/gems/ruby-2.1.3/gems/web-console-2.1.3/lib/web_console/templates/_prompt_box_markup.html.erb within layouts/inlined_string (0.2ms)
  Rendered /Users/michaelstokes/.rvm/gems/ruby-2.1.3/gems/web-console-2.1.3/lib/web_console/templates/console.js.erb within layouts/javascript (11.9ms)
  Rendered /Users/michaelstokes/.rvm/gems/ruby-2.1.3/gems/web-console-2.1.3/lib/web_console/templates/main.js.erb within layouts/javascript (0.3ms)
  Rendered /Users/michaelstokes/.rvm/gems/ruby-2.1.3/gems/web-console-2.1.3/lib/web_console/templates/error_page.js.erb within layouts/javascript (0.4ms)
  Rendered /Users/michaelstokes/.rvm/gems/ruby-2.1.3/gems/web-console-2.1.3/lib/web_console/templates/index.html.erb (25.3ms)


Started GET "/" for ::1 at 2015-06-18 18:59:00 +0100
Processing by HomeController#index as HTML
  Rendered home/index.html.erb within layouts/application (0.0ms)
Completed 500 Internal Server Error in 120ms (ActiveRecord: 0.0ms)

ActionView::Template::Error (Asset filtered out and will not be served: add `Rails.application.config.assets.precompile += %w( bootstrap-sass-official/assets/fonts/bootstrap/glyphicons-halflings-regular.woff2 )` to `config/initializers/assets.rb` and restart your server):
    2: <html>
    3: <head>
    4:   <title>Receta</title>
    5:   <%= stylesheet_link_tag    'application', media: 'all', 'data-turbolinks-track' => true %>
    6:   <%= javascript_include_tag 'application', 'data-turbolinks-track' => true %>
    7:   <%= csrf_meta_tags %>
    8: </head>
  app/views/layouts/application.html.erb:5:in `_app_views_layouts_application_html_erb__4001779934982437663_70177515369060'


  Rendered /Users/michaelstokes/.rvm/gems/ruby-2.1.3/gems/actionpack-4.2.1/lib/action_dispatch/middleware/templates/rescues/_source.erb (11.8ms)
  Rendered /Users/michaelstokes/.rvm/gems/ruby-2.1.3/gems/actionpack-4.2.1/lib/action_dispatch/middleware/templates/rescues/_trace.html.erb (4.6ms)
  Rendered /Users/michaelstokes/.rvm/gems/ruby-2.1.3/gems/actionpack-4.2.1/lib/action_dispatch/middleware/templates/rescues/_request_and_response.html.erb (0.8ms)
  Rendered /Users/michaelstokes/.rvm/gems/ruby-2.1.3/gems/actionpack-4.2.1/lib/action_dispatch/middleware/templates/rescues/template_error.html.erb within rescues/layout (28.4ms)
  Rendered /Users/michaelstokes/.rvm/gems/ruby-2.1.3/gems/web-console-2.1.3/lib/web_console/templates/_markup.html.erb (0.2ms)
  Rendered /Users/michaelstokes/.rvm/gems/ruby-2.1.3/gems/web-console-2.1.3/lib/web_console/templates/style.css.erb within layouts/inlined_string (0.2ms)
  Rendered /Users/michaelstokes/.rvm/gems/ruby-2.1.3/gems/web-console-2.1.3/lib/web_console/templates/_inner_console_markup.html.erb within layouts/inlined_string (0.2ms)
  Rendered /Users/michaelstokes/.rvm/gems/ruby-2.1.3/gems/web-console-2.1.3/lib/web_console/templates/_prompt_box_markup.html.erb within layouts/inlined_string (0.2ms)
  Rendered /Users/michaelstokes/.rvm/gems/ruby-2.1.3/gems/web-console-2.1.3/lib/web_console/templates/console.js.erb within layouts/javascript (11.9ms)
  Rendered /Users/michaelstokes/.rvm/gems/ruby-2.1.3/gems/web-console-2.1.3/lib/web_console/templates/main.js.erb within layouts/javascript (0.4ms)
  Rendered /Users/michaelstokes/.rvm/gems/ruby-2.1.3/gems/web-console-2.1.3/lib/web_console/templates/error_page.js.erb within layouts/javascript (0.3ms)
  Rendered /Users/michaelstokes/.rvm/gems/ruby-2.1.3/gems/web-console-2.1.3/lib/web_console/templates/index.html.erb (25.9ms)


Started GET "/" for ::1 at 2015-06-18 19:02:26 +0100
Processing by HomeController#index as HTML
  Rendered home/index.html.erb within layouts/application (0.9ms)
Completed 500 Internal Server Error in 240ms (ActiveRecord: 0.0ms)

ActionView::Template::Error (Asset filtered out and will not be served: add `Rails.application.config.assets.precompile += %w( bootstrap-sass-official/assets/fonts/bootstrap/glyphicons-halflings-regular.woff2 )` to `config/initializers/assets.rb` and restart your server):
    2: <html>
    3: <head>
    4:   <title>Receta</title>
    5:   <%= stylesheet_link_tag    'application', media: 'all', 'data-turbolinks-track' => true %>
    6:   <%= javascript_include_tag 'application', 'data-turbolinks-track' => true %>
    7:   <%= csrf_meta_tags %>
    8: </head>
  app/views/layouts/application.html.erb:5:in `_app_views_layouts_application_html_erb___204003453435625562_70149777558080'


  Rendered /Users/michaelstokes/.rvm/gems/ruby-2.1.3/gems/actionpack-4.2.1/lib/action_dispatch/middleware/templates/rescues/_source.erb (9.9ms)
  Rendered /Users/michaelstokes/.rvm/gems/ruby-2.1.3/gems/actionpack-4.2.1/lib/action_dispatch/middleware/templates/rescues/_trace.html.erb (3.7ms)
  Rendered /Users/michaelstokes/.rvm/gems/ruby-2.1.3/gems/actionpack-4.2.1/lib/action_dispatch/middleware/templates/rescues/_request_and_response.html.erb (7.4ms)
  Rendered /Users/michaelstokes/.rvm/gems/ruby-2.1.3/gems/actionpack-4.2.1/lib/action_dispatch/middleware/templates/rescues/template_error.html.erb within rescues/layout (29.5ms)
  Rendered /Users/michaelstokes/.rvm/gems/ruby-2.1.3/gems/web-console-2.1.3/lib/web_console/templates/_markup.html.erb (0.2ms)
  Rendered /Users/michaelstokes/.rvm/gems/ruby-2.1.3/gems/web-console-2.1.3/lib/web_console/templates/style.css.erb within layouts/inlined_string (0.2ms)
  Rendered /Users/michaelstokes/.rvm/gems/ruby-2.1.3/gems/web-console-2.1.3/lib/web_console/templates/_inner_console_markup.html.erb within layouts/inlined_string (0.3ms)
  Rendered /Users/michaelstokes/.rvm/gems/ruby-2.1.3/gems/web-console-2.1.3/lib/web_console/templates/_prompt_box_markup.html.erb within layouts/inlined_string (0.2ms)
  Rendered /Users/michaelstokes/.rvm/gems/ruby-2.1.3/gems/web-console-2.1.3/lib/web_console/templates/console.js.erb within layouts/javascript (12.8ms)
  Rendered /Users/michaelstokes/.rvm/gems/ruby-2.1.3/gems/web-console-2.1.3/lib/web_console/templates/main.js.erb within layouts/javascript (0.2ms)
  Rendered /Users/michaelstokes/.rvm/gems/ruby-2.1.3/gems/web-console-2.1.3/lib/web_console/templates/error_page.js.erb within layouts/javascript (0.3ms)
  Rendered /Users/michaelstokes/.rvm/gems/ruby-2.1.3/gems/web-console-2.1.3/lib/web_console/templates/index.html.erb (28.3ms)


Started GET "/" for ::1 at 2015-06-18 19:02:28 +0100
Processing by HomeController#index as HTML
  Rendered home/index.html.erb within layouts/application (0.0ms)
Completed 500 Internal Server Error in 131ms (ActiveRecord: 0.0ms)

ActionView::Template::Error (Asset filtered out and will not be served: add `Rails.application.config.assets.precompile += %w( bootstrap-sass-official/assets/fonts/bootstrap/glyphicons-halflings-regular.woff2 )` to `config/initializers/assets.rb` and restart your server):
    2: <html>
    3: <head>
    4:   <title>Receta</title>
    5:   <%= stylesheet_link_tag    'application', media: 'all', 'data-turbolinks-track' => true %>
    6:   <%= javascript_include_tag 'application', 'data-turbolinks-track' => true %>
    7:   <%= csrf_meta_tags %>
    8: </head>
  app/views/layouts/application.html.erb:5:in `_app_views_layouts_application_html_erb___204003453435625562_70149777558080'


  Rendered /Users/michaelstokes/.rvm/gems/ruby-2.1.3/gems/actionpack-4.2.1/lib/action_dispatch/middleware/templates/rescues/_source.erb (20.2ms)
  Rendered /Users/michaelstokes/.rvm/gems/ruby-2.1.3/gems/actionpack-4.2.1/lib/action_dispatch/middleware/templates/rescues/_trace.html.erb (3.7ms)
  Rendered /Users/michaelstokes/.rvm/gems/ruby-2.1.3/gems/actionpack-4.2.1/lib/action_dispatch/middleware/templates/rescues/_request_and_response.html.erb (0.8ms)
  Rendered /Users/michaelstokes/.rvm/gems/ruby-2.1.3/gems/actionpack-4.2.1/lib/action_dispatch/middleware/templates/rescues/template_error.html.erb within rescues/layout (34.4ms)
  Rendered /Users/michaelstokes/.rvm/gems/ruby-2.1.3/gems/web-console-2.1.3/lib/web_console/templates/_markup.html.erb (0.2ms)
  Rendered /Users/michaelstokes/.rvm/gems/ruby-2.1.3/gems/web-console-2.1.3/lib/web_console/templates/style.css.erb within layouts/inlined_string (0.2ms)
  Rendered /Users/michaelstokes/.rvm/gems/ruby-2.1.3/gems/web-console-2.1.3/lib/web_console/templates/_inner_console_markup.html.erb within layouts/inlined_string (0.2ms)
  Rendered /Users/michaelstokes/.rvm/gems/ruby-2.1.3/gems/web-console-2.1.3/lib/web_console/templates/_prompt_box_markup.html.erb within layouts/inlined_string (0.2ms)
  Rendered /Users/michaelstokes/.rvm/gems/ruby-2.1.3/gems/web-console-2.1.3/lib/web_console/templates/console.js.erb within layouts/javascript (10.0ms)
  Rendered /Users/michaelstokes/.rvm/gems/ruby-2.1.3/gems/web-console-2.1.3/lib/web_console/templates/main.js.erb within layouts/javascript (0.2ms)
  Rendered /Users/michaelstokes/.rvm/gems/ruby-2.1.3/gems/web-console-2.1.3/lib/web_console/templates/error_page.js.erb within layouts/javascript (0.4ms)
  Rendered /Users/michaelstokes/.rvm/gems/ruby-2.1.3/gems/web-console-2.1.3/lib/web_console/templates/index.html.erb (22.0ms)


Started GET "/" for ::1 at 2015-06-18 19:02:47 +0100
Processing by HomeController#index as HTML
  Rendered home/index.html.erb within layouts/application (0.0ms)
Completed 500 Internal Server Error in 134ms (ActiveRecord: 0.0ms)

ActionView::Template::Error (Asset filtered out and will not be served: add `Rails.application.config.assets.precompile += %w( bootstrap-sass-official/assets/fonts/bootstrap/glyphicons-halflings-regular.woff2 )` to `config/initializers/assets.rb` and restart your server):
    2: <html>
    3: <head>
    4:   <title>Receta</title>
    5:   <%= stylesheet_link_tag    'application', media: 'all', 'data-turbolinks-track' => true %>
    6:   <%= javascript_include_tag 'application', 'data-turbolinks-track' => true %>
    7:   <%= csrf_meta_tags %>
    8: </head>
  app/views/layouts/application.html.erb:5:in `_app_views_layouts_application_html_erb___204003453435625562_70149777558080'


  Rendered /Users/michaelstokes/.rvm/gems/ruby-2.1.3/gems/actionpack-4.2.1/lib/action_dispatch/middleware/templates/rescues/_source.erb (14.7ms)
  Rendered /Users/michaelstokes/.rvm/gems/ruby-2.1.3/gems/actionpack-4.2.1/lib/action_dispatch/middleware/templates/rescues/_trace.html.erb (4.0ms)
  Rendered /Users/michaelstokes/.rvm/gems/ruby-2.1.3/gems/actionpack-4.2.1/lib/action_dispatch/middleware/templates/rescues/_request_and_response.html.erb (1.4ms)
  Rendered /Users/michaelstokes/.rvm/gems/ruby-2.1.3/gems/actionpack-4.2.1/lib/action_dispatch/middleware/templates/rescues/template_error.html.erb within rescues/layout (30.6ms)
  Rendered /Users/michaelstokes/.rvm/gems/ruby-2.1.3/gems/web-console-2.1.3/lib/web_console/templates/_markup.html.erb (0.3ms)
  Rendered /Users/michaelstokes/.rvm/gems/ruby-2.1.3/gems/web-console-2.1.3/lib/web_console/templates/style.css.erb within layouts/inlined_string (0.2ms)
  Rendered /Users/michaelstokes/.rvm/gems/ruby-2.1.3/gems/web-console-2.1.3/lib/web_console/templates/_inner_console_markup.html.erb within layouts/inlined_string (0.2ms)
  Rendered /Users/michaelstokes/.rvm/gems/ruby-2.1.3/gems/web-console-2.1.3/lib/web_console/templates/_prompt_box_markup.html.erb within layouts/inlined_string (0.2ms)
  Rendered /Users/michaelstokes/.rvm/gems/ruby-2.1.3/gems/web-console-2.1.3/lib/web_console/templates/console.js.erb within layouts/javascript (10.6ms)
  Rendered /Users/michaelstokes/.rvm/gems/ruby-2.1.3/gems/web-console-2.1.3/lib/web_console/templates/main.js.erb within layouts/javascript (0.3ms)
  Rendered /Users/michaelstokes/.rvm/gems/ruby-2.1.3/gems/web-console-2.1.3/lib/web_console/templates/error_page.js.erb within layouts/javascript (0.3ms)
  Rendered /Users/michaelstokes/.rvm/gems/ruby-2.1.3/gems/web-console-2.1.3/lib/web_console/templates/index.html.erb (25.6ms)


Started GET "/" for ::1 at 2015-06-18 19:02:53 +0100
Processing by HomeController#index as HTML
  Rendered home/index.html.erb within layouts/application (1.0ms)
Completed 500 Internal Server Error in 231ms (ActiveRecord: 0.0ms)

ActionView::Template::Error (Asset filtered out and will not be served: add `Rails.application.config.assets.precompile += %w( bootstrap-sass-official/assets/fonts/bootstrap/glyphicons-halflings-regular.woff2 )` to `config/initializers/assets.rb` and restart your server):
    2: <html>
    3: <head>
    4:   <title>Receta</title>
    5:   <%= stylesheet_link_tag    'application', media: 'all', 'data-turbolinks-track' => true %>
    6:   <%= javascript_include_tag 'application', 'data-turbolinks-track' => true %>
    7:   <%= csrf_meta_tags %>
    8: </head>
  app/views/layouts/application.html.erb:5:in `_app_views_layouts_application_html_erb___2248669854981664430_70133355367020'


  Rendered /Users/michaelstokes/.rvm/gems/ruby-2.1.3/gems/actionpack-4.2.1/lib/action_dispatch/middleware/templates/rescues/_source.erb (9.5ms)
  Rendered /Users/michaelstokes/.rvm/gems/ruby-2.1.3/gems/actionpack-4.2.1/lib/action_dispatch/middleware/templates/rescues/_trace.html.erb (3.3ms)
  Rendered /Users/michaelstokes/.rvm/gems/ruby-2.1.3/gems/actionpack-4.2.1/lib/action_dispatch/middleware/templates/rescues/_request_and_response.html.erb (7.1ms)
  Rendered /Users/michaelstokes/.rvm/gems/ruby-2.1.3/gems/actionpack-4.2.1/lib/action_dispatch/middleware/templates/rescues/template_error.html.erb within rescues/layout (28.3ms)
  Rendered /Users/michaelstokes/.rvm/gems/ruby-2.1.3/gems/web-console-2.1.3/lib/web_console/templates/_markup.html.erb (0.3ms)
  Rendered /Users/michaelstokes/.rvm/gems/ruby-2.1.3/gems/web-console-2.1.3/lib/web_console/templates/style.css.erb within layouts/inlined_string (0.2ms)
  Rendered /Users/michaelstokes/.rvm/gems/ruby-2.1.3/gems/web-console-2.1.3/lib/web_console/templates/_inner_console_markup.html.erb within layouts/inlined_string (0.2ms)
  Rendered /Users/michaelstokes/.rvm/gems/ruby-2.1.3/gems/web-console-2.1.3/lib/web_console/templates/_prompt_box_markup.html.erb within layouts/inlined_string (0.2ms)
  Rendered /Users/michaelstokes/.rvm/gems/ruby-2.1.3/gems/web-console-2.1.3/lib/web_console/templates/console.js.erb within layouts/javascript (10.9ms)
  Rendered /Users/michaelstokes/.rvm/gems/ruby-2.1.3/gems/web-console-2.1.3/lib/web_console/templates/main.js.erb within layouts/javascript (0.2ms)
  Rendered /Users/michaelstokes/.rvm/gems/ruby-2.1.3/gems/web-console-2.1.3/lib/web_console/templates/error_page.js.erb within layouts/javascript (0.3ms)
  Rendered /Users/michaelstokes/.rvm/gems/ruby-2.1.3/gems/web-console-2.1.3/lib/web_console/templates/index.html.erb (25.3ms)


Started GET "/" for ::1 at 2015-06-18 19:03:21 +0100
Processing by HomeController#index as HTML
  Rendered home/index.html.erb within layouts/application (0.0ms)
Completed 500 Internal Server Error in 124ms (ActiveRecord: 0.0ms)

ActionView::Template::Error (Asset filtered out and will not be served: add `Rails.application.config.assets.precompile += %w( bootstrap-sass-official/assets/fonts/bootstrap/glyphicons-halflings-regular.woff2 )` to `config/initializers/assets.rb` and restart your server):
    2: <html>
    3: <head>
    4:   <title>Receta</title>
    5:   <%= stylesheet_link_tag    'application', media: 'all', 'data-turbolinks-track' => true %>
    6:   <%= javascript_include_tag 'application', 'data-turbolinks-track' => true %>
    7:   <%= csrf_meta_tags %>
    8: </head>
  app/views/layouts/application.html.erb:5:in `_app_views_layouts_application_html_erb___2248669854981664430_70133355367020'


  Rendered /Users/michaelstokes/.rvm/gems/ruby-2.1.3/gems/actionpack-4.2.1/lib/action_dispatch/middleware/templates/rescues/_source.erb (14.1ms)
  Rendered /Users/michaelstokes/.rvm/gems/ruby-2.1.3/gems/actionpack-4.2.1/lib/action_dispatch/middleware/templates/rescues/_trace.html.erb (3.5ms)
  Rendered /Users/michaelstokes/.rvm/gems/ruby-2.1.3/gems/actionpack-4.2.1/lib/action_dispatch/middleware/templates/rescues/_request_and_response.html.erb (0.8ms)
  Rendered /Users/michaelstokes/.rvm/gems/ruby-2.1.3/gems/actionpack-4.2.1/lib/action_dispatch/middleware/templates/rescues/template_error.html.erb within rescues/layout (26.9ms)
  Rendered /Users/michaelstokes/.rvm/gems/ruby-2.1.3/gems/web-console-2.1.3/lib/web_console/templates/_markup.html.erb (0.3ms)
  Rendered /Users/michaelstokes/.rvm/gems/ruby-2.1.3/gems/web-console-2.1.3/lib/web_console/templates/style.css.erb within layouts/inlined_string (0.2ms)
  Rendered /Users/michaelstokes/.rvm/gems/ruby-2.1.3/gems/web-console-2.1.3/lib/web_console/templates/_inner_console_markup.html.erb within layouts/inlined_string (0.2ms)
  Rendered /Users/michaelstokes/.rvm/gems/ruby-2.1.3/gems/web-console-2.1.3/lib/web_console/templates/_prompt_box_markup.html.erb within layouts/inlined_string (0.2ms)
  Rendered /Users/michaelstokes/.rvm/gems/ruby-2.1.3/gems/web-console-2.1.3/lib/web_console/templates/console.js.erb within layouts/javascript (10.0ms)
  Rendered /Users/michaelstokes/.rvm/gems/ruby-2.1.3/gems/web-console-2.1.3/lib/web_console/templates/main.js.erb within layouts/javascript (0.2ms)
  Rendered /Users/michaelstokes/.rvm/gems/ruby-2.1.3/gems/web-console-2.1.3/lib/web_console/templates/error_page.js.erb within layouts/javascript (0.2ms)
  Rendered /Users/michaelstokes/.rvm/gems/ruby-2.1.3/gems/web-console-2.1.3/lib/web_console/templates/index.html.erb (21.0ms)


Started GET "/" for ::1 at 2015-06-18 19:03:23 +0100
Processing by HomeController#index as HTML
  Rendered home/index.html.erb within layouts/application (0.0ms)
Completed 500 Internal Server Error in 128ms (ActiveRecord: 0.0ms)

ActionView::Template::Error (Asset filtered out and will not be served: add `Rails.application.config.assets.precompile += %w( bootstrap-sass-official/assets/fonts/bootstrap/glyphicons-halflings-regular.woff2 )` to `config/initializers/assets.rb` and restart your server):
    2: <html>
    3: <head>
    4:   <title>Receta</title>
    5:   <%= stylesheet_link_tag    'application', media: 'all', 'data-turbolinks-track' => true %>
    6:   <%= javascript_include_tag 'application', 'data-turbolinks-track' => true %>
    7:   <%= csrf_meta_tags %>
    8: </head>
  app/views/layouts/application.html.erb:5:in `_app_views_layouts_application_html_erb___2248669854981664430_70133355367020'


  Rendered /Users/michaelstokes/.rvm/gems/ruby-2.1.3/gems/actionpack-4.2.1/lib/action_dispatch/middleware/templates/rescues/_source.erb (8.6ms)
  Rendered /Users/michaelstokes/.rvm/gems/ruby-2.1.3/gems/actionpack-4.2.1/lib/action_dispatch/middleware/templates/rescues/_trace.html.erb (3.2ms)
  Rendered /Users/michaelstokes/.rvm/gems/ruby-2.1.3/gems/actionpack-4.2.1/lib/action_dispatch/middleware/templates/rescues/_request_and_response.html.erb (0.8ms)
  Rendered /Users/michaelstokes/.rvm/gems/ruby-2.1.3/gems/actionpack-4.2.1/lib/action_dispatch/middleware/templates/rescues/template_error.html.erb within rescues/layout (21.2ms)
  Rendered /Users/michaelstokes/.rvm/gems/ruby-2.1.3/gems/web-console-2.1.3/lib/web_console/templates/_markup.html.erb (0.2ms)
  Rendered /Users/michaelstokes/.rvm/gems/ruby-2.1.3/gems/web-console-2.1.3/lib/web_console/templates/style.css.erb within layouts/inlined_string (0.2ms)
  Rendered /Users/michaelstokes/.rvm/gems/ruby-2.1.3/gems/web-console-2.1.3/lib/web_console/templates/_inner_console_markup.html.erb within layouts/inlined_string (0.2ms)
  Rendered /Users/michaelstokes/.rvm/gems/ruby-2.1.3/gems/web-console-2.1.3/lib/web_console/templates/_prompt_box_markup.html.erb within layouts/inlined_string (0.2ms)
  Rendered /Users/michaelstokes/.rvm/gems/ruby-2.1.3/gems/web-console-2.1.3/lib/web_console/templates/console.js.erb within layouts/javascript (11.4ms)
  Rendered /Users/michaelstokes/.rvm/gems/ruby-2.1.3/gems/web-console-2.1.3/lib/web_console/templates/main.js.erb within layouts/javascript (0.2ms)
  Rendered /Users/michaelstokes/.rvm/gems/ruby-2.1.3/gems/web-console-2.1.3/lib/web_console/templates/error_page.js.erb within layouts/javascript (0.3ms)
  Rendered /Users/michaelstokes/.rvm/gems/ruby-2.1.3/gems/web-console-2.1.3/lib/web_console/templates/index.html.erb (22.6ms)


Started GET "/" for ::1 at 2015-06-18 19:03:30 +0100
Processing by HomeController#index as HTML
  Rendered home/index.html.erb within layouts/application (0.8ms)
Completed 500 Internal Server Error in 217ms (ActiveRecord: 0.0ms)

ActionView::Template::Error (Asset filtered out and will not be served: add `Rails.application.config.assets.precompile += %w( bootstrap-sass-official/assets/fonts/bootstrap/glyphicons-halflings-regular.woff2 )` to `config/initializers/assets.rb` and restart your server):
    2: <html>
    3: <head>
    4:   <title>Receta</title>
    5:   <%= stylesheet_link_tag    'application', media: 'all', 'data-turbolinks-track' => true %>
    6:   <%= javascript_include_tag 'application', 'data-turbolinks-track' => true %>
    7:   <%= csrf_meta_tags %>
    8: </head>
  app/views/layouts/application.html.erb:5:in `_app_views_layouts_application_html_erb___668363477325639107_70153532147260'


  Rendered /Users/michaelstokes/.rvm/gems/ruby-2.1.3/gems/actionpack-4.2.1/lib/action_dispatch/middleware/templates/rescues/_source.erb (10.1ms)
  Rendered /Users/michaelstokes/.rvm/gems/ruby-2.1.3/gems/actionpack-4.2.1/lib/action_dispatch/middleware/templates/rescues/_trace.html.erb (3.5ms)
  Rendered /Users/michaelstokes/.rvm/gems/ruby-2.1.3/gems/actionpack-4.2.1/lib/action_dispatch/middleware/templates/rescues/_request_and_response.html.erb (7.3ms)
  Rendered /Users/michaelstokes/.rvm/gems/ruby-2.1.3/gems/actionpack-4.2.1/lib/action_dispatch/middleware/templates/rescues/template_error.html.erb within rescues/layout (29.7ms)
  Rendered /Users/michaelstokes/.rvm/gems/ruby-2.1.3/gems/web-console-2.1.3/lib/web_console/templates/_markup.html.erb (0.2ms)
  Rendered /Users/michaelstokes/.rvm/gems/ruby-2.1.3/gems/web-console-2.1.3/lib/web_console/templates/style.css.erb within layouts/inlined_string (0.2ms)
  Rendered /Users/michaelstokes/.rvm/gems/ruby-2.1.3/gems/web-console-2.1.3/lib/web_console/templates/_inner_console_markup.html.erb within layouts/inlined_string (0.2ms)
  Rendered /Users/michaelstokes/.rvm/gems/ruby-2.1.3/gems/web-console-2.1.3/lib/web_console/templates/_prompt_box_markup.html.erb within layouts/inlined_string (0.4ms)
  Rendered /Users/michaelstokes/.rvm/gems/ruby-2.1.3/gems/web-console-2.1.3/lib/web_console/templates/console.js.erb within layouts/javascript (11.0ms)
  Rendered /Users/michaelstokes/.rvm/gems/ruby-2.1.3/gems/web-console-2.1.3/lib/web_console/templates/main.js.erb within layouts/javascript (0.2ms)
  Rendered /Users/michaelstokes/.rvm/gems/ruby-2.1.3/gems/web-console-2.1.3/lib/web_console/templates/error_page.js.erb within layouts/javascript (0.3ms)
  Rendered /Users/michaelstokes/.rvm/gems/ruby-2.1.3/gems/web-console-2.1.3/lib/web_console/templates/index.html.erb (25.1ms)


Started GET "/" for ::1 at 2015-06-18 19:03:43 +0100
Processing by HomeController#index as HTML
  Rendered home/index.html.erb within layouts/application (0.7ms)
Completed 500 Internal Server Error in 123ms (ActiveRecord: 0.0ms)

ActionView::Template::Error (Asset filtered out and will not be served: add `Rails.application.config.assets.precompile += %w( bootstrap-sass-official/assets/fonts/bootstrap/glyphicons-halflings-regular.woff2 )` to `config/initializers/assets.rb` and restart your server):
    2: <html>
    3: <head>
    4:   <title>Receta</title>
    5:   <%= stylesheet_link_tag    'application', media: 'all', 'data-turbolinks-track' => true %>
    6:   <%= javascript_include_tag 'application', 'data-turbolinks-track' => true %>
    7:   <%= csrf_meta_tags %>
    8: </head>
  app/views/layouts/application.html.erb:5:in `_app_views_layouts_application_html_erb___668363477325639107_70153532147260'


  Rendered /Users/michaelstokes/.rvm/gems/ruby-2.1.3/gems/actionpack-4.2.1/lib/action_dispatch/middleware/templates/rescues/_source.erb (9.9ms)
  Rendered /Users/michaelstokes/.rvm/gems/ruby-2.1.3/gems/actionpack-4.2.1/lib/action_dispatch/middleware/templates/rescues/_trace.html.erb (3.3ms)
  Rendered /Users/michaelstokes/.rvm/gems/ruby-2.1.3/gems/actionpack-4.2.1/lib/action_dispatch/middleware/templates/rescues/_request_and_response.html.erb (0.7ms)
  Rendered /Users/michaelstokes/.rvm/gems/ruby-2.1.3/gems/actionpack-4.2.1/lib/action_dispatch/middleware/templates/rescues/template_error.html.erb within rescues/layout (22.4ms)
  Rendered /Users/michaelstokes/.rvm/gems/ruby-2.1.3/gems/web-console-2.1.3/lib/web_console/templates/_markup.html.erb (0.2ms)
  Rendered /Users/michaelstokes/.rvm/gems/ruby-2.1.3/gems/web-console-2.1.3/lib/web_console/templates/style.css.erb within layouts/inlined_string (0.2ms)
  Rendered /Users/michaelstokes/.rvm/gems/ruby-2.1.3/gems/web-console-2.1.3/lib/web_console/templates/_inner_console_markup.html.erb within layouts/inlined_string (0.2ms)
  Rendered /Users/michaelstokes/.rvm/gems/ruby-2.1.3/gems/web-console-2.1.3/lib/web_console/templates/_prompt_box_markup.html.erb within layouts/inlined_string (0.2ms)
  Rendered /Users/michaelstokes/.rvm/gems/ruby-2.1.3/gems/web-console-2.1.3/lib/web_console/templates/console.js.erb within layouts/javascript (10.1ms)
  Rendered /Users/michaelstokes/.rvm/gems/ruby-2.1.3/gems/web-console-2.1.3/lib/web_console/templates/main.js.erb within layouts/javascript (0.2ms)
  Rendered /Users/michaelstokes/.rvm/gems/ruby-2.1.3/gems/web-console-2.1.3/lib/web_console/templates/error_page.js.erb within layouts/javascript (0.3ms)
  Rendered /Users/michaelstokes/.rvm/gems/ruby-2.1.3/gems/web-console-2.1.3/lib/web_console/templates/index.html.erb (21.4ms)


Started GET "/" for ::1 at 2015-06-18 19:04:19 +0100
Processing by HomeController#index as HTML
  Rendered home/index.html.erb within layouts/application (0.0ms)
Completed 200 OK in 2ms (Views: 2.1ms | ActiveRecord: 0.0ms)


Started GET "/" for ::1 at 2015-06-18 19:04:21 +0100
Processing by HomeController#index as HTML
  Rendered home/index.html.erb within layouts/application (0.0ms)
Completed 200 OK in 2ms (Views: 2.1ms | ActiveRecord: 0.0ms)


Started GET "/" for ::1 at 2015-06-18 19:04:23 +0100
Processing by HomeController#index as HTML
  Rendered home/index.html.erb within layouts/application (0.0ms)
Completed 200 OK in 2ms (Views: 2.1ms | ActiveRecord: 0.0ms)


Started GET "/" for ::1 at 2015-06-18 19:04:25 +0100
Processing by HomeController#index as HTML
  Rendered home/index.html.erb within layouts/application (0.1ms)
Completed 200 OK in 3ms (Views: 2.6ms | ActiveRecord: 0.0ms)


Started GET "/" for ::1 at 2015-06-18 19:04:29 +0100
Processing by HomeController#index as HTML
  Rendered home/index.html.erb within layouts/application (0.0ms)
Completed 500 Internal Server Error in 128ms (ActiveRecord: 0.0ms)

ActionView::Template::Error (Asset filtered out and will not be served: add `Rails.application.config.assets.precompile += %w( bootstrap-sass-official/assets/fonts/bootstrap/glyphicons-halflings-regular.woff2 )` to `config/initializers/assets.rb` and restart your server):
    2: <html>
    3: <head>
    4:   <title>Receta</title>
    5:   <%= stylesheet_link_tag    'application', media: 'all', 'data-turbolinks-track' => true %>
    6:   <%= javascript_include_tag 'application', 'data-turbolinks-track' => true %>
    7:   <%= csrf_meta_tags %>
    8: </head>
  app/views/layouts/application.html.erb:5:in `_app_views_layouts_application_html_erb___668363477325639107_70153479581620'


  Rendered /Users/michaelstokes/.rvm/gems/ruby-2.1.3/gems/actionpack-4.2.1/lib/action_dispatch/middleware/templates/rescues/_source.erb (10.0ms)
  Rendered /Users/michaelstokes/.rvm/gems/ruby-2.1.3/gems/actionpack-4.2.1/lib/action_dispatch/middleware/templates/rescues/_trace.html.erb (3.5ms)
  Rendered /Users/michaelstokes/.rvm/gems/ruby-2.1.3/gems/actionpack-4.2.1/lib/action_dispatch/middleware/templates/rescues/_request_and_response.html.erb (0.9ms)
  Rendered /Users/michaelstokes/.rvm/gems/ruby-2.1.3/gems/actionpack-4.2.1/lib/action_dispatch/middleware/templates/rescues/template_error.html.erb within rescues/layout (22.8ms)
  Rendered /Users/michaelstokes/.rvm/gems/ruby-2.1.3/gems/web-console-2.1.3/lib/web_console/templates/_markup.html.erb (0.2ms)
  Rendered /Users/michaelstokes/.rvm/gems/ruby-2.1.3/gems/web-console-2.1.3/lib/web_console/templates/style.css.erb within layouts/inlined_string (0.2ms)
  Rendered /Users/michaelstokes/.rvm/gems/ruby-2.1.3/gems/web-console-2.1.3/lib/web_console/templates/_inner_console_markup.html.erb within layouts/inlined_string (0.2ms)
  Rendered /Users/michaelstokes/.rvm/gems/ruby-2.1.3/gems/web-console-2.1.3/lib/web_console/templates/_prompt_box_markup.html.erb within layouts/inlined_string (0.2ms)
  Rendered /Users/michaelstokes/.rvm/gems/ruby-2.1.3/gems/web-console-2.1.3/lib/web_console/templates/console.js.erb within layouts/javascript (9.9ms)
  Rendered /Users/michaelstokes/.rvm/gems/ruby-2.1.3/gems/web-console-2.1.3/lib/web_console/templates/main.js.erb within layouts/javascript (0.2ms)
  Rendered /Users/michaelstokes/.rvm/gems/ruby-2.1.3/gems/web-console-2.1.3/lib/web_console/templates/error_page.js.erb within layouts/javascript (0.3ms)
  Rendered /Users/michaelstokes/.rvm/gems/ruby-2.1.3/gems/web-console-2.1.3/lib/web_console/templates/index.html.erb (21.5ms)


Started GET "/" for ::1 at 2015-06-18 19:05:28 +0100
Processing by HomeController#index as HTML
  Rendered home/index.html.erb within layouts/application (0.9ms)
Completed 500 Internal Server Error in 2346ms (ActiveRecord: 0.0ms)

ActionView::Template::Error (SyntaxError: [stdin]:5:1: reserved word 'var'):
    3: <head>
    4:   <title>Receta</title>
    5:   <%= stylesheet_link_tag    'application', media: 'all', 'data-turbolinks-track' => true %>
    6:   <%= javascript_include_tag 'application', 'data-turbolinks-track' => true %>
    7:   <%= csrf_meta_tags %>
    8: </head>
    9: <body>
  app/views/layouts/application.html.erb:6:in `_app_views_layouts_application_html_erb___4546162181777884363_70333585312560'


  Rendered /Users/michaelstokes/.rvm/gems/ruby-2.1.3/gems/actionpack-4.2.1/lib/action_dispatch/middleware/templates/rescues/_source.erb (6.3ms)
  Rendered /Users/michaelstokes/.rvm/gems/ruby-2.1.3/gems/actionpack-4.2.1/lib/action_dispatch/middleware/templates/rescues/_trace.html.erb (2.6ms)
  Rendered /Users/michaelstokes/.rvm/gems/ruby-2.1.3/gems/actionpack-4.2.1/lib/action_dispatch/middleware/templates/rescues/_request_and_response.html.erb (7.5ms)
  Rendered /Users/michaelstokes/.rvm/gems/ruby-2.1.3/gems/actionpack-4.2.1/lib/action_dispatch/middleware/templates/rescues/template_error.html.erb within rescues/layout (25.0ms)
  Rendered /Users/michaelstokes/.rvm/gems/ruby-2.1.3/gems/web-console-2.1.3/lib/web_console/templates/_markup.html.erb (0.2ms)
  Rendered /Users/michaelstokes/.rvm/gems/ruby-2.1.3/gems/web-console-2.1.3/lib/web_console/templates/style.css.erb within layouts/inlined_string (0.2ms)
  Rendered /Users/michaelstokes/.rvm/gems/ruby-2.1.3/gems/web-console-2.1.3/lib/web_console/templates/_inner_console_markup.html.erb within layouts/inlined_string (0.2ms)
  Rendered /Users/michaelstokes/.rvm/gems/ruby-2.1.3/gems/web-console-2.1.3/lib/web_console/templates/_prompt_box_markup.html.erb within layouts/inlined_string (0.3ms)
  Rendered /Users/michaelstokes/.rvm/gems/ruby-2.1.3/gems/web-console-2.1.3/lib/web_console/templates/console.js.erb within layouts/javascript (10.3ms)
  Rendered /Users/michaelstokes/.rvm/gems/ruby-2.1.3/gems/web-console-2.1.3/lib/web_console/templates/main.js.erb within layouts/javascript (0.3ms)
  Rendered /Users/michaelstokes/.rvm/gems/ruby-2.1.3/gems/web-console-2.1.3/lib/web_console/templates/error_page.js.erb within layouts/javascript (0.3ms)
  Rendered /Users/michaelstokes/.rvm/gems/ruby-2.1.3/gems/web-console-2.1.3/lib/web_console/templates/index.html.erb (24.5ms)


Started GET "/" for ::1 at 2015-06-18 19:05:36 +0100
Processing by HomeController#index as HTML
  Rendered home/index.html.erb within layouts/application (0.0ms)
Completed 500 Internal Server Error in 63ms (ActiveRecord: 0.0ms)

ActionView::Template::Error (SyntaxError: [stdin]:5:1: reserved word 'var'):
    3: <head>
    4:   <title>Receta</title>
    5:   <%= stylesheet_link_tag    'application', media: 'all', 'data-turbolinks-track' => true %>
    6:   <%= javascript_include_tag 'application', 'data-turbolinks-track' => true %>
    7:   <%= csrf_meta_tags %>
    8: </head>
    9: <body>
  app/views/layouts/application.html.erb:6:in `_app_views_layouts_application_html_erb___4546162181777884363_70333585312560'


  Rendered /Users/michaelstokes/.rvm/gems/ruby-2.1.3/gems/actionpack-4.2.1/lib/action_dispatch/middleware/templates/rescues/_source.erb (6.4ms)
  Rendered /Users/michaelstokes/.rvm/gems/ruby-2.1.3/gems/actionpack-4.2.1/lib/action_dispatch/middleware/templates/rescues/_trace.html.erb (2.5ms)
  Rendered /Users/michaelstokes/.rvm/gems/ruby-2.1.3/gems/actionpack-4.2.1/lib/action_dispatch/middleware/templates/rescues/_request_and_response.html.erb (0.9ms)
  Rendered /Users/michaelstokes/.rvm/gems/ruby-2.1.3/gems/actionpack-4.2.1/lib/action_dispatch/middleware/templates/rescues/template_error.html.erb within rescues/layout (18.7ms)
  Rendered /Users/michaelstokes/.rvm/gems/ruby-2.1.3/gems/web-console-2.1.3/lib/web_console/templates/_markup.html.erb (0.4ms)
  Rendered /Users/michaelstokes/.rvm/gems/ruby-2.1.3/gems/web-console-2.1.3/lib/web_console/templates/style.css.erb within layouts/inlined_string (0.3ms)
  Rendered /Users/michaelstokes/.rvm/gems/ruby-2.1.3/gems/web-console-2.1.3/lib/web_console/templates/_inner_console_markup.html.erb within layouts/inlined_string (0.2ms)
  Rendered /Users/michaelstokes/.rvm/gems/ruby-2.1.3/gems/web-console-2.1.3/lib/web_console/templates/_prompt_box_markup.html.erb within layouts/inlined_string (0.2ms)
  Rendered /Users/michaelstokes/.rvm/gems/ruby-2.1.3/gems/web-console-2.1.3/lib/web_console/templates/console.js.erb within layouts/javascript (12.0ms)
  Rendered /Users/michaelstokes/.rvm/gems/ruby-2.1.3/gems/web-console-2.1.3/lib/web_console/templates/main.js.erb within layouts/javascript (0.3ms)
  Rendered /Users/michaelstokes/.rvm/gems/ruby-2.1.3/gems/web-console-2.1.3/lib/web_console/templates/error_page.js.erb within layouts/javascript (0.3ms)
  Rendered /Users/michaelstokes/.rvm/gems/ruby-2.1.3/gems/web-console-2.1.3/lib/web_console/templates/index.html.erb (27.0ms)


Started GET "/" for ::1 at 2015-06-18 19:05:46 +0100
Processing by HomeController#index as HTML
  Rendered home/index.html.erb within layouts/application (0.0ms)
Completed 500 Internal Server Error in 70ms (ActiveRecord: 0.0ms)

ActionView::Template::Error (SyntaxError: [stdin]:7:3: unexpected indentation):
    3: <head>
    4:   <title>Receta</title>
    5:   <%= stylesheet_link_tag    'application', media: 'all', 'data-turbolinks-track' => true %>
    6:   <%= javascript_include_tag 'application', 'data-turbolinks-track' => true %>
    7:   <%= csrf_meta_tags %>
    8: </head>
    9: <body>
  app/views/layouts/application.html.erb:6:in `_app_views_layouts_application_html_erb___4546162181777884363_70333585312560'


  Rendered /Users/michaelstokes/.rvm/gems/ruby-2.1.3/gems/actionpack-4.2.1/lib/action_dispatch/middleware/templates/rescues/_source.erb (8.2ms)
  Rendered /Users/michaelstokes/.rvm/gems/ruby-2.1.3/gems/actionpack-4.2.1/lib/action_dispatch/middleware/templates/rescues/_trace.html.erb (3.1ms)
  Rendered /Users/michaelstokes/.rvm/gems/ruby-2.1.3/gems/actionpack-4.2.1/lib/action_dispatch/middleware/templates/rescues/_request_and_response.html.erb (1.1ms)
  Rendered /Users/michaelstokes/.rvm/gems/ruby-2.1.3/gems/actionpack-4.2.1/lib/action_dispatch/middleware/templates/rescues/template_error.html.erb within rescues/layout (22.5ms)
  Rendered /Users/michaelstokes/.rvm/gems/ruby-2.1.3/gems/web-console-2.1.3/lib/web_console/templates/_markup.html.erb (0.2ms)
  Rendered /Users/michaelstokes/.rvm/gems/ruby-2.1.3/gems/web-console-2.1.3/lib/web_console/templates/style.css.erb within layouts/inlined_string (0.2ms)
  Rendered /Users/michaelstokes/.rvm/gems/ruby-2.1.3/gems/web-console-2.1.3/lib/web_console/templates/_inner_console_markup.html.erb within layouts/inlined_string (0.2ms)
  Rendered /Users/michaelstokes/.rvm/gems/ruby-2.1.3/gems/web-console-2.1.3/lib/web_console/templates/_prompt_box_markup.html.erb within layouts/inlined_string (0.2ms)
  Rendered /Users/michaelstokes/.rvm/gems/ruby-2.1.3/gems/web-console-2.1.3/lib/web_console/templates/console.js.erb within layouts/javascript (11.0ms)
  Rendered /Users/michaelstokes/.rvm/gems/ruby-2.1.3/gems/web-console-2.1.3/lib/web_console/templates/main.js.erb within layouts/javascript (0.2ms)
  Rendered /Users/michaelstokes/.rvm/gems/ruby-2.1.3/gems/web-console-2.1.3/lib/web_console/templates/error_page.js.erb within layouts/javascript (0.5ms)
  Rendered /Users/michaelstokes/.rvm/gems/ruby-2.1.3/gems/web-console-2.1.3/lib/web_console/templates/index.html.erb (23.1ms)


Started GET "/" for ::1 at 2015-06-18 19:05:47 +0100
Processing by HomeController#index as HTML
  Rendered home/index.html.erb within layouts/application (0.0ms)
Completed 500 Internal Server Error in 59ms (ActiveRecord: 0.0ms)

ActionView::Template::Error (SyntaxError: [stdin]:7:3: unexpected indentation):
    3: <head>
    4:   <title>Receta</title>
    5:   <%= stylesheet_link_tag    'application', media: 'all', 'data-turbolinks-track' => true %>
    6:   <%= javascript_include_tag 'application', 'data-turbolinks-track' => true %>
    7:   <%= csrf_meta_tags %>
    8: </head>
    9: <body>
  app/views/layouts/application.html.erb:6:in `_app_views_layouts_application_html_erb___4546162181777884363_70333585312560'


  Rendered /Users/michaelstokes/.rvm/gems/ruby-2.1.3/gems/actionpack-4.2.1/lib/action_dispatch/middleware/templates/rescues/_source.erb (6.2ms)
  Rendered /Users/michaelstokes/.rvm/gems/ruby-2.1.3/gems/actionpack-4.2.1/lib/action_dispatch/middleware/templates/rescues/_trace.html.erb (2.6ms)
  Rendered /Users/michaelstokes/.rvm/gems/ruby-2.1.3/gems/actionpack-4.2.1/lib/action_dispatch/middleware/templates/rescues/_request_and_response.html.erb (1.3ms)
  Rendered /Users/michaelstokes/.rvm/gems/ruby-2.1.3/gems/actionpack-4.2.1/lib/action_dispatch/middleware/templates/rescues/template_error.html.erb within rescues/layout (21.6ms)
  Rendered /Users/michaelstokes/.rvm/gems/ruby-2.1.3/gems/web-console-2.1.3/lib/web_console/templates/_markup.html.erb (0.3ms)
  Rendered /Users/michaelstokes/.rvm/gems/ruby-2.1.3/gems/web-console-2.1.3/lib/web_console/templates/style.css.erb within layouts/inlined_string (0.2ms)
  Rendered /Users/michaelstokes/.rvm/gems/ruby-2.1.3/gems/web-console-2.1.3/lib/web_console/templates/_inner_console_markup.html.erb within layouts/inlined_string (0.2ms)
  Rendered /Users/michaelstokes/.rvm/gems/ruby-2.1.3/gems/web-console-2.1.3/lib/web_console/templates/_prompt_box_markup.html.erb within layouts/inlined_string (0.2ms)
  Rendered /Users/michaelstokes/.rvm/gems/ruby-2.1.3/gems/web-console-2.1.3/lib/web_console/templates/console.js.erb within layouts/javascript (10.4ms)
  Rendered /Users/michaelstokes/.rvm/gems/ruby-2.1.3/gems/web-console-2.1.3/lib/web_console/templates/main.js.erb within layouts/javascript (0.2ms)
  Rendered /Users/michaelstokes/.rvm/gems/ruby-2.1.3/gems/web-console-2.1.3/lib/web_console/templates/error_page.js.erb within layouts/javascript (0.3ms)
  Rendered /Users/michaelstokes/.rvm/gems/ruby-2.1.3/gems/web-console-2.1.3/lib/web_console/templates/index.html.erb (22.8ms)


Started GET "/" for ::1 at 2015-06-18 19:05:48 +0100
Processing by HomeController#index as HTML
  Rendered home/index.html.erb within layouts/application (0.0ms)
Completed 500 Internal Server Error in 69ms (ActiveRecord: 0.0ms)

ActionView::Template::Error (SyntaxError: [stdin]:7:3: unexpected indentation):
    3: <head>
    4:   <title>Receta</title>
    5:   <%= stylesheet_link_tag    'application', media: 'all', 'data-turbolinks-track' => true %>
    6:   <%= javascript_include_tag 'application', 'data-turbolinks-track' => true %>
    7:   <%= csrf_meta_tags %>
    8: </head>
    9: <body>
  app/views/layouts/application.html.erb:6:in `_app_views_layouts_application_html_erb___4546162181777884363_70333585312560'


  Rendered /Users/michaelstokes/.rvm/gems/ruby-2.1.3/gems/actionpack-4.2.1/lib/action_dispatch/middleware/templates/rescues/_source.erb (6.0ms)
  Rendered /Users/michaelstokes/.rvm/gems/ruby-2.1.3/gems/actionpack-4.2.1/lib/action_dispatch/middleware/templates/rescues/_trace.html.erb (2.4ms)
  Rendered /Users/michaelstokes/.rvm/gems/ruby-2.1.3/gems/actionpack-4.2.1/lib/action_dispatch/middleware/templates/rescues/_request_and_response.html.erb (1.0ms)
  Rendered /Users/michaelstokes/.rvm/gems/ruby-2.1.3/gems/actionpack-4.2.1/lib/action_dispatch/middleware/templates/rescues/template_error.html.erb within rescues/layout (18.1ms)
  Rendered /Users/michaelstokes/.rvm/gems/ruby-2.1.3/gems/web-console-2.1.3/lib/web_console/templates/_markup.html.erb (0.2ms)
  Rendered /Users/michaelstokes/.rvm/gems/ruby-2.1.3/gems/web-console-2.1.3/lib/web_console/templates/style.css.erb within layouts/inlined_string (0.2ms)
  Rendered /Users/michaelstokes/.rvm/gems/ruby-2.1.3/gems/web-console-2.1.3/lib/web_console/templates/_inner_console_markup.html.erb within layouts/inlined_string (0.2ms)
  Rendered /Users/michaelstokes/.rvm/gems/ruby-2.1.3/gems/web-console-2.1.3/lib/web_console/templates/_prompt_box_markup.html.erb within layouts/inlined_string (0.2ms)
  Rendered /Users/michaelstokes/.rvm/gems/ruby-2.1.3/gems/web-console-2.1.3/lib/web_console/templates/console.js.erb within layouts/javascript (10.3ms)
  Rendered /Users/michaelstokes/.rvm/gems/ruby-2.1.3/gems/web-console-2.1.3/lib/web_console/templates/main.js.erb within layouts/javascript (0.2ms)
  Rendered /Users/michaelstokes/.rvm/gems/ruby-2.1.3/gems/web-console-2.1.3/lib/web_console/templates/error_page.js.erb within layouts/javascript (0.3ms)
  Rendered /Users/michaelstokes/.rvm/gems/ruby-2.1.3/gems/web-console-2.1.3/lib/web_console/templates/index.html.erb (21.7ms)


Started GET "/" for ::1 at 2015-06-18 19:05:56 +0100
Processing by HomeController#index as HTML
  Rendered home/index.html.erb within layouts/application (0.0ms)
Completed 500 Internal Server Error in 63ms (ActiveRecord: 0.0ms)

ActionView::Template::Error (SyntaxError: [stdin]:7:3: unexpected indentation):
    3: <head>
    4:   <title>Receta</title>
    5:   <%= stylesheet_link_tag    'application', media: 'all', 'data-turbolinks-track' => true %>
    6:   <%= javascript_include_tag 'application', 'data-turbolinks-track' => true %>
    7:   <%= csrf_meta_tags %>
    8: </head>
    9: <body>
  app/views/layouts/application.html.erb:6:in `_app_views_layouts_application_html_erb___4546162181777884363_70333585312560'


  Rendered /Users/michaelstokes/.rvm/gems/ruby-2.1.3/gems/actionpack-4.2.1/lib/action_dispatch/middleware/templates/rescues/_source.erb (6.8ms)
  Rendered /Users/michaelstokes/.rvm/gems/ruby-2.1.3/gems/actionpack-4.2.1/lib/action_dispatch/middleware/templates/rescues/_trace.html.erb (80.2ms)
  Rendered /Users/michaelstokes/.rvm/gems/ruby-2.1.3/gems/actionpack-4.2.1/lib/action_dispatch/middleware/templates/rescues/_request_and_response.html.erb (1.1ms)
  Rendered /Users/michaelstokes/.rvm/gems/ruby-2.1.3/gems/actionpack-4.2.1/lib/action_dispatch/middleware/templates/rescues/template_error.html.erb within rescues/layout (97.2ms)
  Rendered /Users/michaelstokes/.rvm/gems/ruby-2.1.3/gems/web-console-2.1.3/lib/web_console/templates/_markup.html.erb (0.3ms)
  Rendered /Users/michaelstokes/.rvm/gems/ruby-2.1.3/gems/web-console-2.1.3/lib/web_console/templates/style.css.erb within layouts/inlined_string (0.2ms)
  Rendered /Users/michaelstokes/.rvm/gems/ruby-2.1.3/gems/web-console-2.1.3/lib/web_console/templates/_inner_console_markup.html.erb within layouts/inlined_string (0.2ms)
  Rendered /Users/michaelstokes/.rvm/gems/ruby-2.1.3/gems/web-console-2.1.3/lib/web_console/templates/_prompt_box_markup.html.erb within layouts/inlined_string (0.2ms)
  Rendered /Users/michaelstokes/.rvm/gems/ruby-2.1.3/gems/web-console-2.1.3/lib/web_console/templates/console.js.erb within layouts/javascript (10.4ms)
  Rendered /Users/michaelstokes/.rvm/gems/ruby-2.1.3/gems/web-console-2.1.3/lib/web_console/templates/main.js.erb within layouts/javascript (0.2ms)
  Rendered /Users/michaelstokes/.rvm/gems/ruby-2.1.3/gems/web-console-2.1.3/lib/web_console/templates/error_page.js.erb within layouts/javascript (0.3ms)
  Rendered /Users/michaelstokes/.rvm/gems/ruby-2.1.3/gems/web-console-2.1.3/lib/web_console/templates/index.html.erb (21.9ms)


Started GET "/" for ::1 at 2015-06-18 19:06:08 +0100
Processing by HomeController#index as HTML
  Rendered home/index.html.erb within layouts/application (0.0ms)
Completed 500 Internal Server Error in 73ms (ActiveRecord: 0.0ms)

ActionView::Template::Error (SyntaxError: [stdin]:5:1: reserved word 'var'):
    3: <head>
    4:   <title>Receta</title>
    5:   <%= stylesheet_link_tag    'application', media: 'all', 'data-turbolinks-track' => true %>
    6:   <%= javascript_include_tag 'application', 'data-turbolinks-track' => true %>
    7:   <%= csrf_meta_tags %>
    8: </head>
    9: <body>
  app/views/layouts/application.html.erb:6:in `_app_views_layouts_application_html_erb___4546162181777884363_70333585312560'


  Rendered /Users/michaelstokes/.rvm/gems/ruby-2.1.3/gems/actionpack-4.2.1/lib/action_dispatch/middleware/templates/rescues/_source.erb (6.4ms)
  Rendered /Users/michaelstokes/.rvm/gems/ruby-2.1.3/gems/actionpack-4.2.1/lib/action_dispatch/middleware/templates/rescues/_trace.html.erb (2.3ms)
  Rendered /Users/michaelstokes/.rvm/gems/ruby-2.1.3/gems/actionpack-4.2.1/lib/action_dispatch/middleware/templates/rescues/_request_and_response.html.erb (1.0ms)
  Rendered /Users/michaelstokes/.rvm/gems/ruby-2.1.3/gems/actionpack-4.2.1/lib/action_dispatch/middleware/templates/rescues/template_error.html.erb within rescues/layout (18.6ms)
  Rendered /Users/michaelstokes/.rvm/gems/ruby-2.1.3/gems/web-console-2.1.3/lib/web_console/templates/_markup.html.erb (0.3ms)
  Rendered /Users/michaelstokes/.rvm/gems/ruby-2.1.3/gems/web-console-2.1.3/lib/web_console/templates/style.css.erb within layouts/inlined_string (0.2ms)
  Rendered /Users/michaelstokes/.rvm/gems/ruby-2.1.3/gems/web-console-2.1.3/lib/web_console/templates/_inner_console_markup.html.erb within layouts/inlined_string (0.2ms)
  Rendered /Users/michaelstokes/.rvm/gems/ruby-2.1.3/gems/web-console-2.1.3/lib/web_console/templates/_prompt_box_markup.html.erb within layouts/inlined_string (0.2ms)
  Rendered /Users/michaelstokes/.rvm/gems/ruby-2.1.3/gems/web-console-2.1.3/lib/web_console/templates/console.js.erb within layouts/javascript (11.0ms)
  Rendered /Users/michaelstokes/.rvm/gems/ruby-2.1.3/gems/web-console-2.1.3/lib/web_console/templates/main.js.erb within layouts/javascript (0.2ms)
  Rendered /Users/michaelstokes/.rvm/gems/ruby-2.1.3/gems/web-console-2.1.3/lib/web_console/templates/error_page.js.erb within layouts/javascript (0.4ms)
  Rendered /Users/michaelstokes/.rvm/gems/ruby-2.1.3/gems/web-console-2.1.3/lib/web_console/templates/index.html.erb (24.4ms)


Started GET "/" for ::1 at 2015-06-18 19:06:13 +0100
Processing by HomeController#index as HTML
  Rendered home/index.html.erb within layouts/application (0.4ms)
Completed 500 Internal Server Error in 62ms (ActiveRecord: 0.0ms)

ActionView::Template::Error (SyntaxError: [stdin]:7:3: unexpected indentation):
    3: <head>
    4:   <title>Receta</title>
    5:   <%= stylesheet_link_tag    'application', media: 'all', 'data-turbolinks-track' => true %>
    6:   <%= javascript_include_tag 'application', 'data-turbolinks-track' => true %>
    7:   <%= csrf_meta_tags %>
    8: </head>
    9: <body>
  app/views/layouts/application.html.erb:6:in `_app_views_layouts_application_html_erb___4546162181777884363_70333585312560'


  Rendered /Users/michaelstokes/.rvm/gems/ruby-2.1.3/gems/actionpack-4.2.1/lib/action_dispatch/middleware/templates/rescues/_source.erb (6.0ms)
  Rendered /Users/michaelstokes/.rvm/gems/ruby-2.1.3/gems/actionpack-4.2.1/lib/action_dispatch/middleware/templates/rescues/_trace.html.erb (2.5ms)
  Rendered /Users/michaelstokes/.rvm/gems/ruby-2.1.3/gems/actionpack-4.2.1/lib/action_dispatch/middleware/templates/rescues/_request_and_response.html.erb (1.0ms)
  Rendered /Users/michaelstokes/.rvm/gems/ruby-2.1.3/gems/actionpack-4.2.1/lib/action_dispatch/middleware/templates/rescues/template_error.html.erb within rescues/layout (18.0ms)
  Rendered /Users/michaelstokes/.rvm/gems/ruby-2.1.3/gems/web-console-2.1.3/lib/web_console/templates/_markup.html.erb (0.2ms)
  Rendered /Users/michaelstokes/.rvm/gems/ruby-2.1.3/gems/web-console-2.1.3/lib/web_console/templates/style.css.erb within layouts/inlined_string (0.2ms)
  Rendered /Users/michaelstokes/.rvm/gems/ruby-2.1.3/gems/web-console-2.1.3/lib/web_console/templates/_inner_console_markup.html.erb within layouts/inlined_string (0.2ms)
  Rendered /Users/michaelstokes/.rvm/gems/ruby-2.1.3/gems/web-console-2.1.3/lib/web_console/templates/_prompt_box_markup.html.erb within layouts/inlined_string (0.2ms)
  Rendered /Users/michaelstokes/.rvm/gems/ruby-2.1.3/gems/web-console-2.1.3/lib/web_console/templates/console.js.erb within layouts/javascript (10.6ms)
  Rendered /Users/michaelstokes/.rvm/gems/ruby-2.1.3/gems/web-console-2.1.3/lib/web_console/templates/main.js.erb within layouts/javascript (0.2ms)
  Rendered /Users/michaelstokes/.rvm/gems/ruby-2.1.3/gems/web-console-2.1.3/lib/web_console/templates/error_page.js.erb within layouts/javascript (0.3ms)
  Rendered /Users/michaelstokes/.rvm/gems/ruby-2.1.3/gems/web-console-2.1.3/lib/web_console/templates/index.html.erb (22.1ms)


Started GET "/" for ::1 at 2015-06-18 19:06:35 +0100
Processing by HomeController#index as HTML
  Rendered home/index.html.erb within layouts/application (0.0ms)
Completed 200 OK in 383ms (Views: 382.8ms | ActiveRecord: 0.0ms)


Started GET "/assets/home.self-e3b0c44298fc1c149afbf4c8996fb92427ae41e4649b934ca495991b7852b855.css?body=1" for ::1 at 2015-06-18 19:06:36 +0100


Started GET "/assets/application.self-02c7e4623596248b54863400235ae262d2b045634811ceb68427045ae7849249.css?body=1" for ::1 at 2015-06-18 19:06:36 +0100


Started GET "/assets/jquery/dist/jquery.self-a4777c1acac0a74340755725342901a54ed000955bf6f5320491b8b2514c86ec.js?body=1" for ::1 at 2015-06-18 19:06:36 +0100


Started GET "/assets/jquery_ujs.self-ca5248a2fad13d6bd58ea121318d642f195f0b2dd818b30615f785ff365e8d1f.js?body=1" for ::1 at 2015-06-18 19:06:36 +0100


Started GET "/assets/angular/angular.self-6d712cb68676bed895d107d8bb26dea88d8f40a12c33d773dcd8360e4cba9c54.js?body=1" for ::1 at 2015-06-18 19:06:36 +0100


Started GET "/assets/home.self-877aef30ae1b040ab8a3aba4e3e309a11d7f2612f44dde450b5c157aa5f95c05.js?body=1" for ::1 at 2015-06-18 19:06:36 +0100


Started GET "/assets/app.self-f2797b83a8b3b646aca753d94fbc13f68c34b2486ee2c591ebccd537419b624c.js?body=1" for ::1 at 2015-06-18 19:06:36 +0100


Started GET "/assets/application.self-3b8dabdc891efe46b9a144b400ad69e37d7e5876bdc39dee783419a69d7ca819.js?body=1" for ::1 at 2015-06-18 19:06:36 +0100


Started GET "/" for ::1 at 2015-06-18 19:06:55 +0100
Processing by HomeController#index as HTML
  Rendered home/index.html.erb within layouts/application (0.4ms)
Completed 200 OK in 42ms (Views: 42.3ms | ActiveRecord: 0.0ms)


Started GET "/assets/jquery_ujs.self-ca5248a2fad13d6bd58ea121318d642f195f0b2dd818b30615f785ff365e8d1f.js?body=1" for ::1 at 2015-06-18 19:06:55 +0100


Started GET "/assets/angular/angular.self-6d712cb68676bed895d107d8bb26dea88d8f40a12c33d773dcd8360e4cba9c54.js?body=1" for ::1 at 2015-06-18 19:06:55 +0100


Started GET "/assets/app.self-f2797b83a8b3b646aca753d94fbc13f68c34b2486ee2c591ebccd537419b624c.js?body=1" for ::1 at 2015-06-18 19:06:55 +0100


Started GET "/assets/home.self-e3b0c44298fc1c149afbf4c8996fb92427ae41e4649b934ca495991b7852b855.css?body=1" for ::1 at 2015-06-18 19:06:55 +0100


Started GET "/assets/application.self-02c7e4623596248b54863400235ae262d2b045634811ceb68427045ae7849249.css?body=1" for ::1 at 2015-06-18 19:06:55 +0100


Started GET "/assets/jquery/dist/jquery.self-a4777c1acac0a74340755725342901a54ed000955bf6f5320491b8b2514c86ec.js?body=1" for ::1 at 2015-06-18 19:06:55 +0100


Started GET "/assets/home.self-877aef30ae1b040ab8a3aba4e3e309a11d7f2612f44dde450b5c157aa5f95c05.js?body=1" for ::1 at 2015-06-18 19:06:55 +0100


Started GET "/assets/application.self-3b8dabdc891efe46b9a144b400ad69e37d7e5876bdc39dee783419a69d7ca819.js?body=1" for ::1 at 2015-06-18 19:06:55 +0100
